<?xml version="1.0" encoding="UTF-8"?>
<testng-results ignored="0" total="10" passed="10" failed="0" skipped="0">
  <reporter-output>
  </reporter-output>
  <suite started-at="2023-11-02T23:16:50 IST" name="Suite" finished-at="2023-11-02T23:18:27 IST" duration-ms="96699">
    <groups>
      <group name="IT">
        <method signature="DWS_AddToCart_03_Test.verify_user_is_able_to_add_product_virtual_gift_to_cart_and_valiadte()[pri:0, instance:cart.DWS_AddToCart_03_Test@2d52216b]" name="verify_user_is_able_to_add_product_virtual_gift_to_cart_and_valiadte" class="cart.DWS_AddToCart_03_Test"/>
        <method signature="DWS_AddToCart_04_Test.verify_user_is_able_to_add_the_product_computing_and_internet_from_book_module()[pri:0, instance:cart.DWS_AddToCart_04_Test@3f6f6701]" name="verify_user_is_able_to_add_the_product_computing_and_internet_from_book_module" class="cart.DWS_AddToCart_04_Test"/>
        <method signature="DWS_CompareProduct_05_Test.verify_User_Is_Able_To_Add_2_Products_To_Compare_Products_Page_And_Validate_Them()[pri:0, instance:compareProduct.DWS_CompareProduct_05_Test@54e1c68b]" name="verify_User_Is_Able_To_Add_2_Products_To_Compare_Products_Page_And_Validate_Them" class="compareProduct.DWS_CompareProduct_05_Test"/>
        <method signature="DWS_WishList_09.verify_User_Is_Able_To_add_A_Product_To_Wishlist_And_Validatde_It()[pri:0, instance:wishList.DWS_WishList_09@242b836]" name="verify_User_Is_Able_To_add_A_Product_To_Wishlist_And_Validatde_It" class="wishList.DWS_WishList_09"/>
      </group> <!-- IT -->
      <group name="STM">
        <method signature="DWS_CompareProduct_06_Test.verify_User_Is_Able_To_Remove_Products_From_Compare_Products()[pri:0, instance:compareProduct.DWS_CompareProduct_06_Test@173ed316]" name="verify_User_Is_Able_To_Remove_Products_From_Compare_Products" class="compareProduct.DWS_CompareProduct_06_Test"/>
        <method signature="DWS_Price_07_Test.verify_user_Is_Able_To_Filter_The_Product_By_Price_And_Validate_Them()[pri:0, instance:price.DWS_Price_07_Test@69e153c5]" name="verify_user_Is_Able_To_Filter_The_Product_By_Price_And_Validate_Them" class="price.DWS_Price_07_Test"/>
        <method signature="DWS_WishList_10_Test.verify_User_Is_Able_To_Remov_A_Product_From_Wishlist()[pri:0, instance:wishList.DWS_WishList_10_Test@25ce9dc4]" name="verify_User_Is_Able_To_Remov_A_Product_From_Wishlist" class="wishList.DWS_WishList_10_Test"/>
      </group> <!-- STM -->
      <group name="FT">
        <method signature="DWS_Email_08_Test.verify_User_Is_Able_To_Send_Mail_And_Validate_The_Error_Message()[pri:0, instance:email.DWS_Email_08_Test@7ef82753]" name="verify_User_Is_Able_To_Send_Mail_And_Validate_The_Error_Message" class="email.DWS_Email_08_Test"/>
        <method signature="DWS_Login_01_Test.verify_user_is_able_to_login_with_valid_credentials()[pri:0, instance:login.DWS_Login_01_Test@202b0582]" name="verify_user_is_able_to_login_with_valid_credentials" class="login.DWS_Login_01_Test"/>
        <method signature="DWS_Register_02_Test.verify_user_is_able_to_register_with_valid_details()[pri:0, instance:signUp.DWS_Register_02_Test@3b0fe47a]" name="verify_user_is_able_to_register_with_valid_details" class="signUp.DWS_Register_02_Test"/>
      </group> <!-- FT -->
    </groups>
    <test started-at="2023-11-02T23:16:50 IST" name="Integration" finished-at="2023-11-02T23:17:36 IST" duration-ms="45694">
      <class name="wishList.DWS_WishList_09">
        <test-method is-config="true" signature="lauchingTheBrowserAndnavigatingToApplication()[pri:0, instance:wishList.DWS_WishList_09@242b836]" started-at="2023-11-02T23:17:13 IST" name="lauchingTheBrowserAndnavigatingToApplication" finished-at="2023-11-02T23:17:17 IST" duration-ms="3908" status="PASS">
          <reporter-output>
          </reporter-output>
        </test-method> <!-- lauchingTheBrowserAndnavigatingToApplication -->
        <test-method is-config="true" signature="loginToApplication()[pri:0, instance:wishList.DWS_WishList_09@242b836]" started-at="2023-11-02T23:17:17 IST" name="loginToApplication" finished-at="2023-11-02T23:17:17 IST" duration-ms="3" status="PASS">
          <reporter-output>
          </reporter-output>
        </test-method> <!-- loginToApplication -->
        <test-method signature="verify_User_Is_Able_To_add_A_Product_To_Wishlist_And_Validatde_It()[pri:0, instance:wishList.DWS_WishList_09@242b836]" started-at="2023-11-02T23:17:17 IST" name="verify_User_Is_Able_To_add_A_Product_To_Wishlist_And_Validatde_It" finished-at="2023-11-02T23:17:27 IST" duration-ms="10175" status="PASS">
          <reporter-output>
          </reporter-output>
        </test-method> <!-- verify_User_Is_Able_To_add_A_Product_To_Wishlist_And_Validatde_It -->
        <test-method is-config="true" signature="logoutFromAppliaction()[pri:0, instance:wishList.DWS_WishList_09@242b836]" started-at="2023-11-02T23:17:27 IST" name="logoutFromAppliaction" finished-at="2023-11-02T23:17:27 IST" duration-ms="0" status="PASS">
          <reporter-output>
          </reporter-output>
        </test-method> <!-- logoutFromAppliaction -->
        <test-method is-config="true" signature="tearDownTheBrowser()[pri:0, instance:wishList.DWS_WishList_09@242b836]" started-at="2023-11-02T23:17:27 IST" name="tearDownTheBrowser" finished-at="2023-11-02T23:17:28 IST" duration-ms="199" status="PASS">
          <reporter-output>
          </reporter-output>
        </test-method> <!-- tearDownTheBrowser -->
      </class> <!-- wishList.DWS_WishList_09 -->
      <class name="cart.DWS_AddToCart_04_Test">
        <test-method is-config="true" signature="lauchingTheBrowserAndnavigatingToApplication()[pri:0, instance:cart.DWS_AddToCart_04_Test@3f6f6701]" started-at="2023-11-02T23:17:28 IST" name="lauchingTheBrowserAndnavigatingToApplication" finished-at="2023-11-02T23:17:31 IST" duration-ms="3622" status="PASS">
          <reporter-output>
          </reporter-output>
        </test-method> <!-- lauchingTheBrowserAndnavigatingToApplication -->
        <test-method is-config="true" signature="loginToApplication()[pri:0, instance:cart.DWS_AddToCart_04_Test@3f6f6701]" started-at="2023-11-02T23:17:31 IST" name="loginToApplication" finished-at="2023-11-02T23:17:31 IST" duration-ms="4" status="PASS">
          <reporter-output>
          </reporter-output>
        </test-method> <!-- loginToApplication -->
        <test-method signature="verify_user_is_able_to_add_the_product_computing_and_internet_from_book_module()[pri:0, instance:cart.DWS_AddToCart_04_Test@3f6f6701]" started-at="2023-11-02T23:17:31 IST" name="verify_user_is_able_to_add_the_product_computing_and_internet_from_book_module" finished-at="2023-11-02T23:17:36 IST" duration-ms="4504" status="PASS">
          <reporter-output>
          </reporter-output>
        </test-method> <!-- verify_user_is_able_to_add_the_product_computing_and_internet_from_book_module -->
        <test-method is-config="true" signature="logoutFromAppliaction()[pri:0, instance:cart.DWS_AddToCart_04_Test@3f6f6701]" started-at="2023-11-02T23:17:36 IST" name="logoutFromAppliaction" finished-at="2023-11-02T23:17:36 IST" duration-ms="1" status="PASS">
          <reporter-output>
          </reporter-output>
        </test-method> <!-- logoutFromAppliaction -->
        <test-method is-config="true" signature="tearDownTheBrowser()[pri:0, instance:cart.DWS_AddToCart_04_Test@3f6f6701]" started-at="2023-11-02T23:17:36 IST" name="tearDownTheBrowser" finished-at="2023-11-02T23:17:36 IST" duration-ms="198" status="PASS">
          <reporter-output>
          </reporter-output>
        </test-method> <!-- tearDownTheBrowser -->
      </class> <!-- cart.DWS_AddToCart_04_Test -->
      <class name="compareProduct.DWS_CompareProduct_05_Test">
        <test-method is-config="true" signature="lauchingTheBrowserAndnavigatingToApplication()[pri:0, instance:compareProduct.DWS_CompareProduct_05_Test@54e1c68b]" started-at="2023-11-02T23:16:50 IST" name="lauchingTheBrowserAndnavigatingToApplication" finished-at="2023-11-02T23:16:57 IST" duration-ms="6417" status="PASS">
          <reporter-output>
          </reporter-output>
        </test-method> <!-- lauchingTheBrowserAndnavigatingToApplication -->
        <test-method is-config="true" signature="loginToApplication()[pri:0, instance:compareProduct.DWS_CompareProduct_05_Test@54e1c68b]" started-at="2023-11-02T23:16:57 IST" name="loginToApplication" finished-at="2023-11-02T23:16:57 IST" duration-ms="142" status="PASS">
          <reporter-output>
          </reporter-output>
        </test-method> <!-- loginToApplication -->
        <test-method signature="verify_User_Is_Able_To_Add_2_Products_To_Compare_Products_Page_And_Validate_Them()[pri:0, instance:compareProduct.DWS_CompareProduct_05_Test@54e1c68b]" started-at="2023-11-02T23:16:57 IST" name="verify_User_Is_Able_To_Add_2_Products_To_Compare_Products_Page_And_Validate_Them" finished-at="2023-11-02T23:17:02 IST" duration-ms="5422" status="PASS">
          <reporter-output>
          </reporter-output>
        </test-method> <!-- verify_User_Is_Able_To_Add_2_Products_To_Compare_Products_Page_And_Validate_Them -->
        <test-method is-config="true" signature="logoutFromAppliaction()[pri:0, instance:compareProduct.DWS_CompareProduct_05_Test@54e1c68b]" started-at="2023-11-02T23:17:02 IST" name="logoutFromAppliaction" finished-at="2023-11-02T23:17:02 IST" duration-ms="5" status="PASS">
          <reporter-output>
          </reporter-output>
        </test-method> <!-- logoutFromAppliaction -->
        <test-method is-config="true" signature="tearDownTheBrowser()[pri:0, instance:compareProduct.DWS_CompareProduct_05_Test@54e1c68b]" started-at="2023-11-02T23:17:02 IST" name="tearDownTheBrowser" finished-at="2023-11-02T23:17:03 IST" duration-ms="215" status="PASS">
          <reporter-output>
          </reporter-output>
        </test-method> <!-- tearDownTheBrowser -->
      </class> <!-- compareProduct.DWS_CompareProduct_05_Test -->
      <class name="cart.DWS_AddToCart_03_Test">
        <test-method is-config="true" signature="lauchingTheBrowserAndnavigatingToApplication()[pri:0, instance:cart.DWS_AddToCart_03_Test@2d52216b]" started-at="2023-11-02T23:17:03 IST" name="lauchingTheBrowserAndnavigatingToApplication" finished-at="2023-11-02T23:17:07 IST" duration-ms="4349" status="PASS">
          <reporter-output>
          </reporter-output>
        </test-method> <!-- lauchingTheBrowserAndnavigatingToApplication -->
        <test-method is-config="true" signature="loginToApplication()[pri:0, instance:cart.DWS_AddToCart_03_Test@2d52216b]" started-at="2023-11-02T23:17:07 IST" name="loginToApplication" finished-at="2023-11-02T23:17:07 IST" duration-ms="4" status="PASS">
          <reporter-output>
          </reporter-output>
        </test-method> <!-- loginToApplication -->
        <test-method signature="verify_user_is_able_to_add_product_virtual_gift_to_cart_and_valiadte()[pri:0, instance:cart.DWS_AddToCart_03_Test@2d52216b]" started-at="2023-11-02T23:17:07 IST" name="verify_user_is_able_to_add_product_virtual_gift_to_cart_and_valiadte" finished-at="2023-11-02T23:17:13 IST" duration-ms="6038" status="PASS">
          <reporter-output>
          </reporter-output>
        </test-method> <!-- verify_user_is_able_to_add_product_virtual_gift_to_cart_and_valiadte -->
        <test-method is-config="true" signature="logoutFromAppliaction()[pri:0, instance:cart.DWS_AddToCart_03_Test@2d52216b]" started-at="2023-11-02T23:17:13 IST" name="logoutFromAppliaction" finished-at="2023-11-02T23:17:13 IST" duration-ms="1" status="PASS">
          <reporter-output>
          </reporter-output>
        </test-method> <!-- logoutFromAppliaction -->
        <test-method is-config="true" signature="tearDownTheBrowser()[pri:0, instance:cart.DWS_AddToCart_03_Test@2d52216b]" started-at="2023-11-02T23:17:13 IST" name="tearDownTheBrowser" finished-at="2023-11-02T23:17:13 IST" duration-ms="195" status="PASS">
          <reporter-output>
          </reporter-output>
        </test-method> <!-- tearDownTheBrowser -->
      </class> <!-- cart.DWS_AddToCart_03_Test -->
    </test> <!-- Integration -->
    <test started-at="2023-11-02T23:17:36 IST" name="System" finished-at="2023-11-02T23:18:02 IST" duration-ms="25713">
      <class name="wishList.DWS_WishList_10_Test">
        <test-method is-config="true" signature="lauchingTheBrowserAndnavigatingToApplication()[pri:0, instance:wishList.DWS_WishList_10_Test@25ce9dc4]" started-at="2023-11-02T23:17:51 IST" name="lauchingTheBrowserAndnavigatingToApplication" finished-at="2023-11-02T23:17:55 IST" duration-ms="3157" status="PASS">
          <reporter-output>
          </reporter-output>
        </test-method> <!-- lauchingTheBrowserAndnavigatingToApplication -->
        <test-method is-config="true" signature="loginToApplication()[pri:0, instance:wishList.DWS_WishList_10_Test@25ce9dc4]" started-at="2023-11-02T23:17:55 IST" name="loginToApplication" finished-at="2023-11-02T23:17:55 IST" duration-ms="2" status="PASS">
          <reporter-output>
          </reporter-output>
        </test-method> <!-- loginToApplication -->
        <test-method signature="verify_User_Is_Able_To_Remov_A_Product_From_Wishlist()[pri:0, instance:wishList.DWS_WishList_10_Test@25ce9dc4]" started-at="2023-11-02T23:17:55 IST" name="verify_User_Is_Able_To_Remov_A_Product_From_Wishlist" finished-at="2023-11-02T23:18:02 IST" duration-ms="7387" status="PASS">
          <reporter-output>
          </reporter-output>
        </test-method> <!-- verify_User_Is_Able_To_Remov_A_Product_From_Wishlist -->
        <test-method is-config="true" signature="logoutFromAppliaction()[pri:0, instance:wishList.DWS_WishList_10_Test@25ce9dc4]" started-at="2023-11-02T23:18:02 IST" name="logoutFromAppliaction" finished-at="2023-11-02T23:18:02 IST" duration-ms="0" status="PASS">
          <reporter-output>
          </reporter-output>
        </test-method> <!-- logoutFromAppliaction -->
        <test-method is-config="true" signature="tearDownTheBrowser()[pri:0, instance:wishList.DWS_WishList_10_Test@25ce9dc4]" started-at="2023-11-02T23:18:02 IST" name="tearDownTheBrowser" finished-at="2023-11-02T23:18:02 IST" duration-ms="222" status="PASS">
          <reporter-output>
          </reporter-output>
        </test-method> <!-- tearDownTheBrowser -->
      </class> <!-- wishList.DWS_WishList_10_Test -->
      <class name="compareProduct.DWS_CompareProduct_06_Test">
        <test-method is-config="true" signature="lauchingTheBrowserAndnavigatingToApplication()[pri:0, instance:compareProduct.DWS_CompareProduct_06_Test@173ed316]" started-at="2023-11-02T23:17:42 IST" name="lauchingTheBrowserAndnavigatingToApplication" finished-at="2023-11-02T23:17:46 IST" duration-ms="3851" status="PASS">
          <reporter-output>
          </reporter-output>
        </test-method> <!-- lauchingTheBrowserAndnavigatingToApplication -->
        <test-method is-config="true" signature="loginToApplication()[pri:0, instance:compareProduct.DWS_CompareProduct_06_Test@173ed316]" started-at="2023-11-02T23:17:46 IST" name="loginToApplication" finished-at="2023-11-02T23:17:46 IST" duration-ms="2" status="PASS">
          <reporter-output>
          </reporter-output>
        </test-method> <!-- loginToApplication -->
        <test-method signature="verify_User_Is_Able_To_Remove_Products_From_Compare_Products()[pri:0, instance:compareProduct.DWS_CompareProduct_06_Test@173ed316]" started-at="2023-11-02T23:17:46 IST" name="verify_User_Is_Able_To_Remove_Products_From_Compare_Products" finished-at="2023-11-02T23:17:51 IST" duration-ms="5636" status="PASS">
          <reporter-output>
          </reporter-output>
        </test-method> <!-- verify_User_Is_Able_To_Remove_Products_From_Compare_Products -->
        <test-method is-config="true" signature="logoutFromAppliaction()[pri:0, instance:compareProduct.DWS_CompareProduct_06_Test@173ed316]" started-at="2023-11-02T23:17:51 IST" name="logoutFromAppliaction" finished-at="2023-11-02T23:17:51 IST" duration-ms="0" status="PASS">
          <reporter-output>
          </reporter-output>
        </test-method> <!-- logoutFromAppliaction -->
        <test-method is-config="true" signature="tearDownTheBrowser()[pri:0, instance:compareProduct.DWS_CompareProduct_06_Test@173ed316]" started-at="2023-11-02T23:17:51 IST" name="tearDownTheBrowser" finished-at="2023-11-02T23:17:51 IST" duration-ms="196" status="PASS">
          <reporter-output>
          </reporter-output>
        </test-method> <!-- tearDownTheBrowser -->
      </class> <!-- compareProduct.DWS_CompareProduct_06_Test -->
      <class name="price.DWS_Price_07_Test">
        <test-method is-config="true" signature="lauchingTheBrowserAndnavigatingToApplication()[pri:0, instance:price.DWS_Price_07_Test@69e153c5]" started-at="2023-11-02T23:17:36 IST" name="lauchingTheBrowserAndnavigatingToApplication" finished-at="2023-11-02T23:17:40 IST" duration-ms="3803" status="PASS">
          <reporter-output>
          </reporter-output>
        </test-method> <!-- lauchingTheBrowserAndnavigatingToApplication -->
        <test-method is-config="true" signature="loginToApplication()[pri:0, instance:price.DWS_Price_07_Test@69e153c5]" started-at="2023-11-02T23:17:40 IST" name="loginToApplication" finished-at="2023-11-02T23:17:40 IST" duration-ms="2" status="PASS">
          <reporter-output>
          </reporter-output>
        </test-method> <!-- loginToApplication -->
        <test-method signature="verify_user_Is_Able_To_Filter_The_Product_By_Price_And_Validate_Them()[pri:0, instance:price.DWS_Price_07_Test@69e153c5]" started-at="2023-11-02T23:17:40 IST" name="verify_user_Is_Able_To_Filter_The_Product_By_Price_And_Validate_Them" finished-at="2023-11-02T23:17:42 IST" duration-ms="1253" status="PASS">
          <reporter-output>
          </reporter-output>
        </test-method> <!-- verify_user_Is_Able_To_Filter_The_Product_By_Price_And_Validate_Them -->
        <test-method is-config="true" signature="logoutFromAppliaction()[pri:0, instance:price.DWS_Price_07_Test@69e153c5]" started-at="2023-11-02T23:17:42 IST" name="logoutFromAppliaction" finished-at="2023-11-02T23:17:42 IST" duration-ms="0" status="PASS">
          <reporter-output>
          </reporter-output>
        </test-method> <!-- logoutFromAppliaction -->
        <test-method is-config="true" signature="tearDownTheBrowser()[pri:0, instance:price.DWS_Price_07_Test@69e153c5]" started-at="2023-11-02T23:17:42 IST" name="tearDownTheBrowser" finished-at="2023-11-02T23:17:42 IST" duration-ms="193" status="PASS">
          <reporter-output>
          </reporter-output>
        </test-method> <!-- tearDownTheBrowser -->
      </class> <!-- price.DWS_Price_07_Test -->
    </test> <!-- System -->
    <test started-at="2023-11-02T23:18:02 IST" name="Functional" finished-at="2023-11-02T23:18:27 IST" duration-ms="24563">
      <class name="login.DWS_Login_01_Test">
        <test-method is-config="true" signature="lauchingTheBrowserAndnavigatingToApplication()[pri:0, instance:login.DWS_Login_01_Test@202b0582]" started-at="2023-11-02T23:18:20 IST" name="lauchingTheBrowserAndnavigatingToApplication" finished-at="2023-11-02T23:18:23 IST" duration-ms="3349" status="PASS">
          <reporter-output>
          </reporter-output>
        </test-method> <!-- lauchingTheBrowserAndnavigatingToApplication -->
        <test-method is-config="true" signature="loginToApplication()[pri:0, instance:login.DWS_Login_01_Test@202b0582]" started-at="2023-11-02T23:18:23 IST" name="loginToApplication" finished-at="2023-11-02T23:18:23 IST" duration-ms="2" status="PASS">
          <reporter-output>
          </reporter-output>
        </test-method> <!-- loginToApplication -->
        <test-method signature="verify_user_is_able_to_login_with_valid_credentials()[pri:0, instance:login.DWS_Login_01_Test@202b0582]" started-at="2023-11-02T23:18:23 IST" name="verify_user_is_able_to_login_with_valid_credentials" finished-at="2023-11-02T23:18:27 IST" duration-ms="3670" status="PASS">
          <reporter-output>
          </reporter-output>
        </test-method> <!-- verify_user_is_able_to_login_with_valid_credentials -->
        <test-method is-config="true" signature="logoutFromAppliaction()[pri:0, instance:login.DWS_Login_01_Test@202b0582]" started-at="2023-11-02T23:18:27 IST" name="logoutFromAppliaction" finished-at="2023-11-02T23:18:27 IST" duration-ms="1" status="PASS">
          <reporter-output>
          </reporter-output>
        </test-method> <!-- logoutFromAppliaction -->
        <test-method is-config="true" signature="tearDownTheBrowser()[pri:0, instance:login.DWS_Login_01_Test@202b0582]" started-at="2023-11-02T23:18:27 IST" name="tearDownTheBrowser" finished-at="2023-11-02T23:18:27 IST" duration-ms="177" status="PASS">
          <reporter-output>
          </reporter-output>
        </test-method> <!-- tearDownTheBrowser -->
      </class> <!-- login.DWS_Login_01_Test -->
      <class name="signUp.DWS_Register_02_Test">
        <test-method is-config="true" signature="lauchingTheBrowserAndnavigatingToApplication()[pri:0, instance:signUp.DWS_Register_02_Test@3b0fe47a]" started-at="2023-11-02T23:18:14 IST" name="lauchingTheBrowserAndnavigatingToApplication" finished-at="2023-11-02T23:18:17 IST" duration-ms="3271" status="PASS">
          <reporter-output>
          </reporter-output>
        </test-method> <!-- lauchingTheBrowserAndnavigatingToApplication -->
        <test-method is-config="true" signature="loginToApplication()[pri:0, instance:signUp.DWS_Register_02_Test@3b0fe47a]" started-at="2023-11-02T23:18:17 IST" name="loginToApplication" finished-at="2023-11-02T23:18:17 IST" duration-ms="1" status="PASS">
          <reporter-output>
          </reporter-output>
        </test-method> <!-- loginToApplication -->
        <test-method signature="verify_user_is_able_to_register_with_valid_details()[pri:0, instance:signUp.DWS_Register_02_Test@3b0fe47a]" started-at="2023-11-02T23:18:17 IST" name="verify_user_is_able_to_register_with_valid_details" finished-at="2023-11-02T23:18:19 IST" duration-ms="2662" status="PASS">
          <reporter-output>
          </reporter-output>
        </test-method> <!-- verify_user_is_able_to_register_with_valid_details -->
        <test-method is-config="true" signature="logoutFromAppliaction()[pri:0, instance:signUp.DWS_Register_02_Test@3b0fe47a]" started-at="2023-11-02T23:18:19 IST" name="logoutFromAppliaction" finished-at="2023-11-02T23:18:19 IST" duration-ms="1" status="PASS">
          <reporter-output>
          </reporter-output>
        </test-method> <!-- logoutFromAppliaction -->
        <test-method is-config="true" signature="tearDownTheBrowser()[pri:0, instance:signUp.DWS_Register_02_Test@3b0fe47a]" started-at="2023-11-02T23:18:19 IST" name="tearDownTheBrowser" finished-at="2023-11-02T23:18:20 IST" duration-ms="183" status="PASS">
          <reporter-output>
          </reporter-output>
        </test-method> <!-- tearDownTheBrowser -->
      </class> <!-- signUp.DWS_Register_02_Test -->
      <class name="email.DWS_Email_08_Test">
        <test-method is-config="true" signature="lauchingTheBrowserAndnavigatingToApplication()[pri:0, instance:email.DWS_Email_08_Test@7ef82753]" started-at="2023-11-02T23:18:02 IST" name="lauchingTheBrowserAndnavigatingToApplication" finished-at="2023-11-02T23:18:06 IST" duration-ms="3296" status="PASS">
          <reporter-output>
          </reporter-output>
        </test-method> <!-- lauchingTheBrowserAndnavigatingToApplication -->
        <test-method is-config="true" signature="loginToApplication()[pri:0, instance:email.DWS_Email_08_Test@7ef82753]" started-at="2023-11-02T23:18:06 IST" name="loginToApplication" finished-at="2023-11-02T23:18:06 IST" duration-ms="3" status="PASS">
          <reporter-output>
          </reporter-output>
        </test-method> <!-- loginToApplication -->
        <test-method signature="verify_User_Is_Able_To_Send_Mail_And_Validate_The_Error_Message()[pri:0, instance:email.DWS_Email_08_Test@7ef82753]" started-at="2023-11-02T23:18:06 IST" name="verify_User_Is_Able_To_Send_Mail_And_Validate_The_Error_Message" finished-at="2023-11-02T23:18:13 IST" duration-ms="7753" status="PASS">
          <reporter-output>
          </reporter-output>
        </test-method> <!-- verify_User_Is_Able_To_Send_Mail_And_Validate_The_Error_Message -->
        <test-method is-config="true" signature="tearDownTheBrowser()[pri:0, instance:email.DWS_Email_08_Test@7ef82753]" started-at="2023-11-02T23:18:13 IST" name="tearDownTheBrowser" finished-at="2023-11-02T23:18:14 IST" duration-ms="183" status="PASS">
          <reporter-output>
          </reporter-output>
        </test-method> <!-- tearDownTheBrowser -->
        <test-method is-config="true" signature="logoutFromAppliaction()[pri:0, instance:email.DWS_Email_08_Test@7ef82753]" started-at="2023-11-02T23:18:13 IST" name="logoutFromAppliaction" finished-at="2023-11-02T23:18:13 IST" duration-ms="0" status="PASS">
          <reporter-output>
          </reporter-output>
        </test-method> <!-- logoutFromAppliaction -->
      </class> <!-- email.DWS_Email_08_Test -->
    </test> <!-- Functional -->
  </suite> <!-- Suite -->
</testng-results>
