<?xml version="1.0" encoding="UTF-8"?>
<testng-results ignored="0" total="1" passed="1" failed="0" skipped="0">
  <reporter-output>
  </reporter-output>
  <suite started-at="2023-11-10T13:28:14 IST" name="Default suite" finished-at="2023-11-10T13:28:22 IST" duration-ms="7956">
    <groups>
    </groups>
    <test started-at="2023-11-10T13:28:14 IST" name="Default test" finished-at="2023-11-10T13:28:22 IST" duration-ms="7956">
      <class name="demo.Demo1">
        <test-method is-config="true" signature="lauchingTheBrowserAndnavigatingToApplication()[pri:0, instance:demo.Demo1@4efac082]" started-at="2023-11-10T13:28:14 IST" name="lauchingTheBrowserAndnavigatingToApplication" finished-at="2023-11-10T13:28:21 IST" duration-ms="6943" status="PASS">
          <reporter-output>
          </reporter-output>
        </test-method> <!-- lauchingTheBrowserAndnavigatingToApplication -->
        <test-method is-config="true" signature="loginToApplication()[pri:0, instance:demo.Demo1@4efac082]" started-at="2023-11-10T13:28:21 IST" name="loginToApplication" finished-at="2023-11-10T13:28:21 IST" duration-ms="61" status="PASS">
          <reporter-output>
          </reporter-output>
        </test-method> <!-- loginToApplication -->
        <test-method signature="demoMethod()[pri:0, instance:demo.Demo1@4efac082]" started-at="2023-11-10T13:28:21 IST" name="demoMethod" finished-at="2023-11-10T13:28:21 IST" duration-ms="16" status="PASS">
          <reporter-output>
          </reporter-output>
        </test-method> <!-- demoMethod -->
        <test-method is-config="true" signature="logoutFromAppliaction()[pri:0, instance:demo.Demo1@4efac082]" started-at="2023-11-10T13:28:21 IST" name="logoutFromAppliaction" finished-at="2023-11-10T13:28:21 IST" duration-ms="1" status="PASS">
          <reporter-output>
          </reporter-output>
        </test-method> <!-- logoutFromAppliaction -->
        <test-method is-config="true" signature="tearDownTheBrowser()[pri:0, instance:demo.Demo1@4efac082]" started-at="2023-11-10T13:28:21 IST" name="tearDownTheBrowser" finished-at="2023-11-10T13:28:22 IST" duration-ms="609" status="PASS">
          <reporter-output>
          </reporter-output>
        </test-method> <!-- tearDownTheBrowser -->
      </class> <!-- demo.Demo1 -->
    </test> <!-- Default test -->
  </suite> <!-- Default suite -->
</testng-results>
