<?xml version="1.0" encoding="UTF-8"?>
<!-- Generated by org.testng.reporters.JUnitXMLReporter -->
<testsuite ignored="0" hostname="SreepriyaLap" failures="0" tests="3" name="Functional" time="24.563" errors="0" timestamp="2023-11-02T23:18:27 IST">
  <testcase classname="email.DWS_Email_08_Test" name="verify_User_Is_Able_To_Send_Mail_And_Validate_The_Error_Message" time="7.753"/>
  <testcase classname="signUp.DWS_Register_02_Test" name="verify_user_is_able_to_register_with_valid_details" time="2.662"/>
  <testcase classname="login.DWS_Login_01_Test" name="verify_user_is_able_to_login_with_valid_credentials" time="3.67"/>
</testsuite> <!-- Functional -->
