<?xml version="1.0" encoding="UTF-8"?>
<!-- Generated by org.testng.reporters.JUnitXMLReporter -->
<testsuite ignored="0" hostname="SreepriyaLap" failures="0" tests="4" name="Integration" time="45.694" errors="0" timestamp="2023-11-02T23:17:36 IST">
  <testcase classname="compareProduct.DWS_CompareProduct_05_Test" name="verify_User_Is_Able_To_Add_2_Products_To_Compare_Products_Page_And_Validate_Them" time="5.422"/>
  <testcase classname="cart.DWS_AddToCart_03_Test" name="verify_user_is_able_to_add_product_virtual_gift_to_cart_and_valiadte" time="6.038"/>
  <testcase classname="wishList.DWS_WishList_09" name="verify_User_Is_Able_To_add_A_Product_To_Wishlist_And_Validatde_It" time="10.175"/>
  <testcase classname="cart.DWS_AddToCart_04_Test" name="verify_user_is_able_to_add_the_product_computing_and_internet_from_book_module" time="4.504"/>
</testsuite> <!-- Integration -->
