<?xml version="1.0" encoding="UTF-8"?>
<!-- Generated by org.testng.reporters.JUnitXMLReporter -->
<testsuite ignored="0" hostname="SreepriyaLap" failures="0" tests="3" name="System" time="25.713" errors="0" timestamp="2023-11-02T23:18:02 IST">
  <testcase classname="price.DWS_Price_07_Test" name="verify_user_Is_Able_To_Filter_The_Product_By_Price_And_Validate_Them" time="1.253"/>
  <testcase classname="compareProduct.DWS_CompareProduct_06_Test" name="verify_User_Is_Able_To_Remove_Products_From_Compare_Products" time="5.636"/>
  <testcase classname="wishList.DWS_WishList_10_Test" name="verify_User_Is_Able_To_Remov_A_Product_From_Wishlist" time="7.387"/>
</testsuite> <!-- System -->
