<?xml version="1.0" encoding="UTF-8"?>
<!-- Generated by org.testng.reporters.JUnitXMLReporter -->
<testsuite ignored="0" hostname="SreepriyaLap" failures="0" tests="10" name="Test" time="93.101" errors="0" timestamp="2023-11-02T23:03:40 IST">
  <testcase classname="compareProduct.DWS_CompareProduct_05_Test" name="verify_User_Is_Able_To_Add_2_Products_To_Compare_Products_Page_And_Validate_Them" time="5.379"/>
  <testcase classname="email.DWS_Email_08_Test" name="verify_User_Is_Able_To_Send_Mail_And_Validate_The_Error_Message" time="8.447"/>
  <testcase classname="signUp.DWS_Register_02_Test" name="verify_user_is_able_to_register_with_valid_details" time="2.675"/>
  <testcase classname="cart.DWS_AddToCart_03_Test" name="verify_user_is_able_to_add_product_virtual_gift_to_cart_and_valiadte" time="6.141"/>
  <testcase classname="wishList.DWS_WishList_10_Test" name="verify_User_Is_Able_To_Remov_A_Product_From_Wishlist" time="7.868"/>
  <testcase classname="wishList.DWS_WishList_09" name="verify_User_Is_Able_To_add_A_Product_To_Wishlist_And_Validatde_It" time="7.934"/>
  <testcase classname="cart.DWS_AddToCart_04_Test" name="verify_user_is_able_to_add_the_product_computing_and_internet_from_book_module" time="4.496"/>
  <testcase classname="price.DWS_Price_07_Test" name="verify_user_Is_Able_To_Filter_The_Product_By_Price_And_Validate_Them" time="1.264"/>
  <testcase classname="compareProduct.DWS_CompareProduct_06_Test" name="verify_User_Is_Able_To_Remove_Products_From_Compare_Products" time="5.716"/>
  <testcase classname="login.DWS_Login_01_Test" name="verify_user_is_able_to_login_with_valid_credentials" time="3.618"/>
</testsuite> <!-- Test -->
